<?xml version="1.0" encoding="UTF-8"?>
<testsuite name="TestSuite" time="3.466" tests="6" errors="0" skipped="2" failures="0">
  <properties>
[...]
</properties>
  <testcase name="bankManagerLoginTest" classname="com.pradeep.testcases.BankManagerLoginTest" time="1.448"/>
  <testcase name="addCustomerTest" classname="com.pradeep.testcases.AddCustomerTest" time="2.018"/>
  <testcase name="addCustomerTest" classname="com.pradeep.testcases.AddCustomerTest" time="0.778"/>
  <testcase name="addCustomerTest" classname="com.pradeep.testcases.AddCustomerTest" time="0.747"/>
  <testcase name="addCustomerTest" classname="com.pradeep.testcases.AddCustomerTest" time="0">
    <skipped/>
  </testcase>
  <testcase name="openAccountTest" classname="com.pradeep.testcases.OpenAccountTest" time="0">
    <skipped/>
    <system-out><![CDATA[http://192.168.51.2:8080/job/DataDrivenFramework/ExtentReports/
]]></system-out>
    <system-err><![CDATA[javax.mail.AuthenticationFailedException: 535-5.7.8 Username and Password not accepted. Learn more at
535 5.7.8  https://support.google.com/mail/?p=BadCredentials e14sm13247678pfn.196 - gsmtp

	at com.sun.mail.smtp.SMTPTransport$Authenticator.authenticate(SMTPTransport.java:826)
	at com.sun.mail.smtp.SMTPTransport.authenticate(SMTPTransport.java:761)
	at com.sun.mail.smtp.SMTPTransport.protocolConnect(SMTPTransport.java:685)
	at javax.mail.Service.connect(Service.java:317)
	at javax.mail.Service.connect(Service.java:176)
	at javax.mail.Service.connect(Service.java:125)
	at com.pradeep.utilities.MonitoringMail.sendMail(MonitoringMail.java:49)
	at com.pradeep.listeners.CustomListeners.onFinish(CustomListeners.java:36)
	at org.testng.TestRunner.fireEvent(TestRunner.java:895)
	at org.testng.TestRunner.afterRun(TestRunner.java:859)
	at org.testng.TestRunner.run(TestRunner.java:590)
	at org.testng.SuiteRunner.runTest(SuiteRunner.java:384)
	at org.testng.SuiteRunner.runSequentially(SuiteRunner.java:378)
	at org.testng.SuiteRunner.privateRun(SuiteRunner.java:337)
	at org.testng.SuiteRunner.run(SuiteRunner.java:286)
	at org.testng.SuiteRunnerWorker.runSuite(SuiteRunnerWorker.java:53)
	at org.testng.SuiteRunnerWorker.run(SuiteRunnerWorker.java:96)
	at org.testng.TestNG.runSuitesSequentially(TestNG.java:1187)
	at org.testng.TestNG.runSuitesLocally(TestNG.java:1109)
	at org.testng.TestNG.runSuites(TestNG.java:1039)
	at org.testng.TestNG.run(TestNG.java:1007)
	at org.apache.maven.surefire.testng.TestNGExecutor.run(TestNGExecutor.java:295)
	at org.apache.maven.surefire.testng.TestNGXmlTestSuite.execute(TestNGXmlTestSuite.java:84)
	at org.apache.maven.surefire.testng.TestNGProvider.invoke(TestNGProvider.java:90)
	at org.apache.maven.surefire.booter.ForkedBooter.invokeProviderInSameClassLoader(ForkedBooter.java:203)
	at org.apache.maven.surefire.booter.ForkedBooter.runSuitesInProcess(ForkedBooter.java:155)
	at org.apache.maven.surefire.booter.ForkedBooter.main(ForkedBooter.java:103)
]]></system-err>
  </testcase>
</testsuite>