<?xml version="1.0" encoding="UTF-8"?>
<!-- Generated by org.testng.reporters.JUnitXMLReporter -->
<testsuite hostname="BDC8-LX-7041NGZ" ignored="0" name="Add Customer Test" tests="4" failures="0" timestamp="2020-03-23T19:16:43 IST" time="3.808" errors="0">
  <testcase name="addCustomerTest" time="1.907" classname="com.pradeep.testcases.AddCustomerTest"/>
  <testcase name="addCustomerTest" time="0.705" classname="com.pradeep.testcases.AddCustomerTest"/>
  <testcase name="addCustomerTest" time="0.703" classname="com.pradeep.testcases.AddCustomerTest"/>
  <testcase name="addCustomerTest" time="0.002" classname="com.pradeep.testcases.AddCustomerTest">
    <skipped/>
  </testcase> <!-- addCustomerTest -->
</testsuite> <!-- Add Customer Test -->
