<?xml version="1.0" encoding="UTF-8"?>
<testsuite name="Add Customer Test"
           tests="4"
           failures="0"
           errors="0"
           skipped="1"
           time="3.317">
  <properties />
  
            <testcase name="addCustomerTest" time="0.0" classname="com.pradeep.testcases.AddCustomerTest">
          <skipped />
    </testcase>
  
            <testcase name="addCustomerTest" time="1.907" classname="com.pradeep.testcases.AddCustomerTest" />
                <testcase name="addCustomerTest" time="0.703" classname="com.pradeep.testcases.AddCustomerTest" />
                <testcase name="addCustomerTest" time="0.705" classname="com.pradeep.testcases.AddCustomerTest" />
      
</testsuite>
